2019-01-26 17:43:44 [error] --> SQL Error - Table 'video.a.com.vd_down_file_type' doesn't exist [SELECT `vd_down_file_type`.`id`, `vd_down_file_type`.`name`, `vd_down_file_type`.`sort`, `vd_down_file_type`.`show`, `vd_down_file_type`.`create_user`, `vd_down_file_type`.`create_time`, `vd_down_file_type`.`update_user`, `vd_down_file_type`.`update_time`, `vd_down_file_type`.`delete_user`, `vd_down_file_type`.`delete_time` FROM `vd_down_file_type` ORDER BY `vd_down_file_type`.`id` DESC LIMIT 1 OFFSET 0]
2019-01-26 17:43:45 [error] --> SQL Error - Table 'video.a.com.vd_down_file_type' doesn't exist [SELECT `vd_down_file_type`.`id`, `vd_down_file_type`.`name`, `vd_down_file_type`.`sort`, `vd_down_file_type`.`show`, `vd_down_file_type`.`create_user`, `vd_down_file_type`.`create_time`, `vd_down_file_type`.`update_user`, `vd_down_file_type`.`update_time`, `vd_down_file_type`.`delete_user`, `vd_down_file_type`.`delete_time` FROM `vd_down_file_type` ORDER BY `vd_down_file_type`.`id` DESC LIMIT 1 OFFSET 0]
2019-01-26 17:45:39 [error] --> SQL Error - Table 'video.a.com.vd_down_file_type' doesn't exist [SELECT `vd_down_file_type`.`id`, `vd_down_file_type`.`name`, `vd_down_file_type`.`sort`, `vd_down_file_type`.`show`, `vd_down_file_type`.`create_user`, `vd_down_file_type`.`create_time`, `vd_down_file_type`.`update_user`, `vd_down_file_type`.`update_time`, `vd_down_file_type`.`delete_user`, `vd_down_file_type`.`delete_time` FROM `vd_down_file_type` ORDER BY `vd_down_file_type`.`id` DESC LIMIT 1 OFFSET 0]
2019-01-26 17:45:39 [error] --> SQL Error - Table 'video.a.com.vd_down_file_type' doesn't exist [SELECT `vd_down_file_type`.`id`, `vd_down_file_type`.`name`, `vd_down_file_type`.`sort`, `vd_down_file_type`.`show`, `vd_down_file_type`.`create_user`, `vd_down_file_type`.`create_time`, `vd_down_file_type`.`update_user`, `vd_down_file_type`.`update_time`, `vd_down_file_type`.`delete_user`, `vd_down_file_type`.`delete_time` FROM `vd_down_file_type` ORDER BY `vd_down_file_type`.`id` DESC LIMIT 1 OFFSET 0]
2019-01-26 17:45:40 [error] --> SQL Error - Table 'video.a.com.vd_down_file_type' doesn't exist [SELECT `vd_down_file_type`.`id`, `vd_down_file_type`.`name`, `vd_down_file_type`.`sort`, `vd_down_file_type`.`show`, `vd_down_file_type`.`create_user`, `vd_down_file_type`.`create_time`, `vd_down_file_type`.`update_user`, `vd_down_file_type`.`update_time`, `vd_down_file_type`.`delete_user`, `vd_down_file_type`.`delete_time` FROM `vd_down_file_type` ORDER BY `vd_down_file_type`.`id` DESC LIMIT 1 OFFSET 0]
2019-01-26 17:45:40 [error] --> SQL Error - Table 'video.a.com.vd_down_file_type' doesn't exist [SELECT `vd_down_file_type`.`id`, `vd_down_file_type`.`name`, `vd_down_file_type`.`sort`, `vd_down_file_type`.`show`, `vd_down_file_type`.`create_user`, `vd_down_file_type`.`create_time`, `vd_down_file_type`.`update_user`, `vd_down_file_type`.`update_time`, `vd_down_file_type`.`delete_user`, `vd_down_file_type`.`delete_time` FROM `vd_down_file_type` ORDER BY `vd_down_file_type`.`id` DESC LIMIT 1 OFFSET 0]
2019-01-26 17:45:40 [error] --> SQL Error - Table 'video.a.com.vd_down_file_type' doesn't exist [SELECT `vd_down_file_type`.`id`, `vd_down_file_type`.`name`, `vd_down_file_type`.`sort`, `vd_down_file_type`.`show`, `vd_down_file_type`.`create_user`, `vd_down_file_type`.`create_time`, `vd_down_file_type`.`update_user`, `vd_down_file_type`.`update_time`, `vd_down_file_type`.`delete_user`, `vd_down_file_type`.`delete_time` FROM `vd_down_file_type` ORDER BY `vd_down_file_type`.`id` DESC LIMIT 1 OFFSET 0]
2019-01-26 17:45:40 [error] --> SQL Error - Table 'video.a.com.vd_down_file_type' doesn't exist [SELECT `vd_down_file_type`.`id`, `vd_down_file_type`.`name`, `vd_down_file_type`.`sort`, `vd_down_file_type`.`show`, `vd_down_file_type`.`create_user`, `vd_down_file_type`.`create_time`, `vd_down_file_type`.`update_user`, `vd_down_file_type`.`update_time`, `vd_down_file_type`.`delete_user`, `vd_down_file_type`.`delete_time` FROM `vd_down_file_type` ORDER BY `vd_down_file_type`.`id` DESC LIMIT 1 OFFSET 0]
2019-02-24 18:23:36 [error] --> SQL Error - Table 'video.a.com.vd_admin' doesn't exist [SELECT `uid`, `username`, `password`, `fake_password`, `onetime_password`, `realname`, `email`, `groups`, `safe_ips`, `status`, `otp_auth`, `otp_authcode`, `date_expired`, `session_id`, `session_expire`, `need_audit`, `is_first_login` FROM `vd_admin` WHERE `uid` = '0' LIMIT 1]
2019-02-24 20:34:32 [error] --> SQL Error - Unknown column 'id' in 'field list' [SELECT `id`, `name`, `email` FROM `vd_member` LIMIT 10 OFFSET 0]
2019-02-25 15:37:54 [error] --> SQL Error - Unknown column 'vd_cate.id' in 'field list' [SELECT `vd_cate`.`id`, `vd_cate`.`name`, `vd_cate`.`sort`, `vd_cate`.`show`, `vd_cate`.`create_user`, `vd_cate`.`create_time`, `vd_cate`.`update_user`, `vd_cate`.`update_time`, `vd_cate`.`delete_user`, `vd_cate`.`delete_time` FROM `vd_cate` ORDER BY `vd_cate`.`cate_id` DESC LIMIT 1 OFFSET 0]
2019-02-25 16:05:27 [error] --> SQL Error - Unknown column 'sort' in 'field list' [INSERT INTO vd_labe (`name`, `sort`, `show`, `create_time`, `create_user`, `update_time`, `update_user`) VALUES ('bbbb', '1', '2', '1551081927', '1', '0', '0')]
2019-02-25 16:05:58 [error] --> SQL Error - Unknown column 'show' in 'field list' [INSERT INTO vd_labe (`name`, `show`, `create_time`, `create_user`, `update_time`, `update_user`) VALUES ('asdfasdfa', '2', '1551081958', '1', '0', '0')]
2019-02-25 18:07:20 [error] --> SQL Error - Unknown column 'name' in 'field list' [INSERT INTO vd_file (`name`, `car_num`, `score`, `browse_num`, `praise`, `cate_id`, `type`, `image`, `file`, `url`, `content`, `create_time`, `create_user`, `update_time`, `update_user`) VALUES ('短发史蒂夫阿斯顿发生地fa s d', '否撒大是大非a d s fa s d f', '5', '0', '0', '2', '1', '027/f90763f6e034dd52125d7364183c68da.jpg', '', 'Array', '&lt;p&gt;sdf asdf asdf asdfasdsdfa sdf asdf asdf&lt;/p&gt;', '1551089240', '1', '0', '0')]
2019-02-25 18:38:40 [error] --> SQL Error - Unknown column 'name' in 'field list' [INSERT INTO vd_file (`name`, `car_num`, `score`, `browse_num`, `praise`, `cate_id`, `type`, `image`, `file`, `url`, `content`, `create_time`, `create_user`, `update_time`, `update_user`) VALUES ('短发史蒂夫阿斯顿发生地fa s d', '否撒大是大非a d s fa s d f', '5', '0', '0', '2', '1', '027/f90763f6e034dd52125d7364183c68da.jpg', '', 'Array', '&lt;p&gt;sdf asdf asdf asdfasdsdfa sdf asdf asdf&lt;/p&gt;', '1551091120', '1', '0', '0')]
2019-02-25 18:39:44 [error] --> SQL Error - Unknown column 'name' in 'field list' [INSERT INTO vd_file (`name`, `car_num`, `score`, `browse_num`, `praise`, `cate_id`, `type`, `image`, `file`, `url`, `content`, `create_time`, `create_user`, `update_time`, `update_user`) VALUES ('短发史蒂夫阿斯顿发生地fa s d', '否撒大是大非a d s fa s d f', '5', '0', '0', '2', '1', '027/f90763f6e034dd52125d7364183c68da.jpg', '', 'Array', '&lt;p&gt;sdf asdf asdf asdfasdsdfa sdf asdf asdf&lt;/p&gt;', '1551091184', '1', '0', '0')]
2019-02-25 18:40:14 [error] --> SQL Error - Unknown column 'image' in 'field list' [INSERT INTO vd_file (`title`, `car_num`, `score`, `browse_num`, `praise`, `cate_id`, `type`, `image`, `file`, `url`, `inter`, `create_time`, `create_user`, `update_time`, `update_user`) VALUES ('sdasdfasdfasdfasdfasdfasdfa', '否撒大是大非a d s fa s d f', '5', '3', '1111', '2', '1', '110/bbd1349047a99f4545d6686fdad08fb4.jpg', '', 'Array', '&lt;p&gt;sdasdfasdfasdfasdfasdfasdfasdasdfasdfasdfasdfasdfasdfasdasdfasdfasdfasdfasdfasdfasdasdfasdfasdfasdfasdfasdfasdasdfasdfasdfasdfasdfasdfasdasdfasdfasdfasdfasdfasdfasdasdfasdfasdfasdfasdfasdfasdasdfasdfasdfasdfasdfasdfasdasdfasdfasdfasdfasdfasdfasdasdfasdfasdfasdfasdfasdfasdasdfasdfasdfasdfasdfasdfa&lt;/p&gt;', '1551091214', '1', '0', '0')]
2019-02-25 18:40:43 [error] --> SQL Error - Unknown column 'file' in 'field list' [INSERT INTO vd_file (`title`, `car_num`, `score`, `browse_num`, `praise`, `cate_id`, `type`, `image`, `file`, `url`, `inter`, `create_time`, `create_user`, `update_time`, `update_user`) VALUES ('sdasdfasdfasdfasdfasdfasdfa', '否撒大是大非a d s fa s d f', '5', '3', '1111', '2', '1', '110/bbd1349047a99f4545d6686fdad08fb4.jpg', '', 'Array', '&lt;p&gt;sdasdfasdfasdfasdfasdfasdfasdasdfasdfasdfasdfasdfasdfasdasdfasdfasdfasdfasdfasdfasdasdfasdfasdfasdfasdfasdfasdasdfasdfasdfasdfasdfasdfasdasdfasdfasdfasdfasdfasdfasdasdfasdfasdfasdfasdfasdfasdasdfasdfasdfasdfasdfasdfasdasdfasdfasdfasdfasdfasdfasdasdfasdfasdfasdfasdfasdfasdasdfasdfasdfasdfasdfasdfa&lt;/p&gt;', '1551091243', '1', '0', '0')]
2019-02-25 18:41:53 [error] --> SQL Error - Unknown column 'url' in 'field list' [INSERT INTO vd_file (`title`, `car_num`, `score`, `browse_num`, `praise`, `cate_id`, `type`, `image`, `url`, `inter`, `create_time`, `create_user`, `update_time`, `update_user`) VALUES ('sdasdfasdfasdfasdfasdfasdfa', '否撒大是大非a d s fa s d f', '5', '3', '1111', '2', '1', '110/bbd1349047a99f4545d6686fdad08fb4.jpg', 'Array', '&lt;p&gt;sdasdfasdfasdfasdfasdfasdfasdasdfasdfasdfasdfasdfasdfasdasdfasdfasdfasdfasdfasdfasdasdfasdfasdfasdfasdfasdfasdasdfasdfasdfasdfasdfasdfasdasdfasdfasdfasdfasdfasdfasdasdfasdfasdfasdfasdfasdfasdasdfasdfasdfasdfasdfasdfasdasdfasdfasdfasdfasdfasdfasdasdfasdfasdfasdfasdfasdfasdasdfasdfasdfasdfasdfasdfa&lt;/p&gt;', '1551091313', '1', '0', '0')]
2019-02-25 18:42:36 [error] --> SQL Error - Unknown column 'vd_labename' in 'field list' [SELECT `vd_file_labe`.`labe_id`, `vd_labename` AS `labe_name` FROM `vd_file_labe` LEFT JOIN `vd_labe` ON (`vd_file_labe`.`labe_id` = `vd_labe`.`vd_labe`) WHERE `vd_file_labe`.`file_id` = '1' ORDER BY `vd_file_labe`.`id` DESC]
2019-02-25 18:43:55 [error] --> SQL Error - Unknown column 'vd_labename' in 'field list' [SELECT `vd_file_labe`.`labe_id`, `vd_labename` AS `labe_name` FROM `vd_file_labe` LEFT JOIN `vd_labe` ON (`vd_file_labe`.`labe_id` = `vd_labe`.`vd_labe`) WHERE `vd_file_labe`.`file_id` = '1' ORDER BY `vd_file_labe`.`id` DESC]
2019-02-25 18:44:41 [error] --> SQL Error - Unknown column 'vd_labe.vd_labe' in 'on clause' [SELECT `vd_file_labe`.`labe_id`, `vd_labe`.`name` AS `labe_name` FROM `vd_file_labe` LEFT JOIN `vd_labe` ON (`vd_file_labe`.`labe_id` = `vd_labe`.`vd_labe`) WHERE `vd_file_labe`.`file_id` = '1' ORDER BY `vd_file_labe`.`id` DESC]
2019-02-25 19:59:42 [error] --> SQL Error - Unknown column 'id' in 'field list' [SELECT `id`, `name`, `email` FROM `vd_member` LIMIT 10 OFFSET 0]
2019-02-25 20:00:01 [error] --> SQL Error - Unknown column 'id' in 'field list' [SELECT `id`, `name`, `email` FROM `vd_member` LIMIT 10 OFFSET 0]
2019-02-25 20:21:32 [error] --> SQL Error - Unknown column 'vd_file_url.file' in 'field list' [SELECT `vd_file_url`.`id`, `vd_file_url`.`file`, `vd_file_url`.`url`, `vd_file_url`.`url_type` FROM `vd_file_url` WHERE `vd_file_url`.`file_id` = '2' ORDER BY `vd_file_url`.`id` DESC]
2019-02-25 20:34:58 [error] --> SQL Error - Unknown column 'labe_id' in 'field list' [UPDATE vd_file SET `file_id` = '2', `title` = '黄瓜村TG机器人', `car_num` = '接口连接看见啊很健康', `score` = '5', `browse_num` = '11', `praise` = '11', `cate_id` = '4', `type` = '3', `labe_id` = 'Array', `inter` = '&lt;p&gt;&amp;nbsp;阿斯顿发阿斯顿发阿斯顿发阿斯顿发阿斯顿发阿斯顿发阿斯顿发阿斯顿发阿斯顿发大法第三发史蒂夫阿斯顿发aside&amp;nbsp;&amp;nbsp;&lt;/p&gt;', `update_time` = '1551098098', `update_user` = '1' WHERE `file_id` = '2']
2019-02-25 20:54:37 [error] --> SQL Error - Unknown column '0' in 'field list' [INSERT INTO vd_file_url (`0`, `1`, `2`, `3`) VALUES (' 史蒂夫阿斯顿发阿斯顿发阿斯顿发短发阿斯顿发', ' 收费的阿斯顿发阿斯顿发阿斯顿发', '发卡量手机丢了卡就到了看见啊老司机啊摔', '将卡利久里将阿拉山口的减肥啦就是打开 ')]
2019-02-25 20:54:39 [error] --> SQL Error - Unknown column '0' in 'field list' [INSERT INTO vd_file_url (`0`, `1`, `2`, `3`) VALUES (' 史蒂夫阿斯顿发阿斯顿发阿斯顿发短发阿斯顿发', ' 收费的阿斯顿发阿斯顿发阿斯顿发', '发卡量手机丢了卡就到了看见啊老司机啊摔', '将卡利久里将阿拉山口的减肥啦就是打开 ')]
2019-02-25 20:55:43 [error] --> SQL Error - Unknown column '0' in 'field list' [INSERT INTO vd_file_url (`0`, `1`, `2`, `3`) VALUES (' 史蒂夫阿斯顿发阿斯顿发阿斯顿发短发阿斯顿发', ' 收费的阿斯顿发阿斯顿发阿斯顿发', '发卡量手机丢了卡就到了看见啊老司机啊摔', '将卡利久里将阿拉山口的减肥啦就是打开 ')]
2019-02-25 20:55:44 [error] --> SQL Error - Unknown column '0' in 'field list' [INSERT INTO vd_file_url (`0`, `1`, `2`, `3`) VALUES (' 史蒂夫阿斯顿发阿斯顿发阿斯顿发短发阿斯顿发', ' 收费的阿斯顿发阿斯顿发阿斯顿发', '发卡量手机丢了卡就到了看见啊老司机啊摔', '将卡利久里将阿拉山口的减肥啦就是打开 ')]
2019-02-25 20:55:44 [error] --> SQL Error - Unknown column '0' in 'field list' [INSERT INTO vd_file_url (`0`, `1`, `2`, `3`) VALUES (' 史蒂夫阿斯顿发阿斯顿发阿斯顿发短发阿斯顿发', ' 收费的阿斯顿发阿斯顿发阿斯顿发', '发卡量手机丢了卡就到了看见啊老司机啊摔', '将卡利久里将阿拉山口的减肥啦就是打开 ')]
2019-02-25 20:55:44 [error] --> SQL Error - Unknown column '0' in 'field list' [INSERT INTO vd_file_url (`0`, `1`, `2`, `3`) VALUES (' 史蒂夫阿斯顿发阿斯顿发阿斯顿发短发阿斯顿发', ' 收费的阿斯顿发阿斯顿发阿斯顿发', '发卡量手机丢了卡就到了看见啊老司机啊摔', '将卡利久里将阿拉山口的减肥啦就是打开 ')]
2019-02-25 20:55:44 [error] --> SQL Error - Unknown column '0' in 'field list' [INSERT INTO vd_file_url (`0`, `1`, `2`, `3`) VALUES (' 史蒂夫阿斯顿发阿斯顿发阿斯顿发短发阿斯顿发', ' 收费的阿斯顿发阿斯顿发阿斯顿发', '发卡量手机丢了卡就到了看见啊老司机啊摔', '将卡利久里将阿拉山口的减肥啦就是打开 ')]
2019-02-25 20:55:45 [error] --> SQL Error - Unknown column '0' in 'field list' [INSERT INTO vd_file_url (`0`, `1`, `2`, `3`) VALUES (' 史蒂夫阿斯顿发阿斯顿发阿斯顿发短发阿斯顿发', ' 收费的阿斯顿发阿斯顿发阿斯顿发', '发卡量手机丢了卡就到了看见啊老司机啊摔', '将卡利久里将阿拉山口的减肥啦就是打开 ')]
2019-02-25 20:55:45 [error] --> SQL Error - Unknown column '0' in 'field list' [INSERT INTO vd_file_url (`0`, `1`, `2`, `3`) VALUES (' 史蒂夫阿斯顿发阿斯顿发阿斯顿发短发阿斯顿发', ' 收费的阿斯顿发阿斯顿发阿斯顿发', '发卡量手机丢了卡就到了看见啊老司机啊摔', '将卡利久里将阿拉山口的减肥啦就是打开 ')]
2019-02-25 20:55:45 [error] --> SQL Error - Unknown column '0' in 'field list' [INSERT INTO vd_file_url (`0`, `1`, `2`, `3`) VALUES (' 史蒂夫阿斯顿发阿斯顿发阿斯顿发短发阿斯顿发', ' 收费的阿斯顿发阿斯顿发阿斯顿发', '发卡量手机丢了卡就到了看见啊老司机啊摔', '将卡利久里将阿拉山口的减肥啦就是打开 ')]
2019-02-25 20:55:45 [error] --> SQL Error - Unknown column '0' in 'field list' [INSERT INTO vd_file_url (`0`, `1`, `2`, `3`) VALUES (' 史蒂夫阿斯顿发阿斯顿发阿斯顿发短发阿斯顿发', ' 收费的阿斯顿发阿斯顿发阿斯顿发', '发卡量手机丢了卡就到了看见啊老司机啊摔', '将卡利久里将阿拉山口的减肥啦就是打开 ')]
2019-02-25 20:55:45 [error] --> SQL Error - Unknown column '0' in 'field list' [INSERT INTO vd_file_url (`0`, `1`, `2`, `3`) VALUES (' 史蒂夫阿斯顿发阿斯顿发阿斯顿发短发阿斯顿发', ' 收费的阿斯顿发阿斯顿发阿斯顿发', '发卡量手机丢了卡就到了看见啊老司机啊摔', '将卡利久里将阿拉山口的减肥啦就是打开 ')]
2019-02-25 20:55:45 [error] --> SQL Error - Unknown column '0' in 'field list' [INSERT INTO vd_file_url (`0`, `1`, `2`, `3`) VALUES (' 史蒂夫阿斯顿发阿斯顿发阿斯顿发短发阿斯顿发', ' 收费的阿斯顿发阿斯顿发阿斯顿发', '发卡量手机丢了卡就到了看见啊老司机啊摔', '将卡利久里将阿拉山口的减肥啦就是打开 ')]
2019-02-25 20:55:46 [error] --> SQL Error - Unknown column '0' in 'field list' [INSERT INTO vd_file_url (`0`, `1`, `2`, `3`) VALUES (' 史蒂夫阿斯顿发阿斯顿发阿斯顿发短发阿斯顿发', ' 收费的阿斯顿发阿斯顿发阿斯顿发', '发卡量手机丢了卡就到了看见啊老司机啊摔', '将卡利久里将阿拉山口的减肥啦就是打开 ')]
2019-02-25 20:55:46 [error] --> SQL Error - Unknown column '0' in 'field list' [INSERT INTO vd_file_url (`0`, `1`, `2`, `3`) VALUES (' 史蒂夫阿斯顿发阿斯顿发阿斯顿发短发阿斯顿发', ' 收费的阿斯顿发阿斯顿发阿斯顿发', '发卡量手机丢了卡就到了看见啊老司机啊摔', '将卡利久里将阿拉山口的减肥啦就是打开 ')]
2019-02-25 20:55:46 [error] --> SQL Error - Unknown column '0' in 'field list' [INSERT INTO vd_file_url (`0`, `1`, `2`, `3`) VALUES (' 史蒂夫阿斯顿发阿斯顿发阿斯顿发短发阿斯顿发', ' 收费的阿斯顿发阿斯顿发阿斯顿发', '发卡量手机丢了卡就到了看见啊老司机啊摔', '将卡利久里将阿拉山口的减肥啦就是打开 ')]
2019-02-25 20:55:53 [error] --> SQL Error - Unknown column '0' in 'field list' [INSERT INTO vd_file_url (`0`, `1`, `2`, `3`) VALUES (' 史蒂夫阿斯顿发阿斯顿发阿斯顿发短发阿斯顿发', ' 收费的阿斯顿发阿斯顿发阿斯顿发', '发卡量手机丢了卡就到了看见啊老司机啊摔', '将卡利久里将阿拉山口的减肥啦就是打开 ')]
2019-02-25 20:55:54 [error] --> SQL Error - Unknown column '0' in 'field list' [INSERT INTO vd_file_url (`0`, `1`, `2`, `3`) VALUES (' 史蒂夫阿斯顿发阿斯顿发阿斯顿发短发阿斯顿发', ' 收费的阿斯顿发阿斯顿发阿斯顿发', '发卡量手机丢了卡就到了看见啊老司机啊摔', '将卡利久里将阿拉山口的减肥啦就是打开 ')]
2019-02-25 20:55:54 [error] --> SQL Error - Unknown column '0' in 'field list' [INSERT INTO vd_file_url (`0`, `1`, `2`, `3`) VALUES (' 史蒂夫阿斯顿发阿斯顿发阿斯顿发短发阿斯顿发', ' 收费的阿斯顿发阿斯顿发阿斯顿发', '发卡量手机丢了卡就到了看见啊老司机啊摔', '将卡利久里将阿拉山口的减肥啦就是打开 ')]
2019-02-25 20:55:54 [error] --> SQL Error - Unknown column '0' in 'field list' [INSERT INTO vd_file_url (`0`, `1`, `2`, `3`) VALUES (' 史蒂夫阿斯顿发阿斯顿发阿斯顿发短发阿斯顿发', ' 收费的阿斯顿发阿斯顿发阿斯顿发', '发卡量手机丢了卡就到了看见啊老司机啊摔', '将卡利久里将阿拉山口的减肥啦就是打开 ')]
2019-02-25 20:56:00 [error] --> SQL Error - Unknown column '0' in 'field list' [INSERT INTO vd_file_url (`0`, `1`, `2`, `3`) VALUES (' 史蒂夫阿斯顿发阿斯顿发阿斯顿发短发阿斯顿发', ' 收费的阿斯顿发阿斯顿发阿斯顿发', '发卡量手机丢了卡就到了看见啊老司机啊摔', '将卡利久里将阿拉山口的减肥啦就是打开 ')]
2019-02-25 20:56:01 [error] --> SQL Error - Unknown column '0' in 'field list' [INSERT INTO vd_file_url (`0`, `1`, `2`, `3`) VALUES (' 史蒂夫阿斯顿发阿斯顿发阿斯顿发短发阿斯顿发', ' 收费的阿斯顿发阿斯顿发阿斯顿发', '发卡量手机丢了卡就到了看见啊老司机啊摔', '将卡利久里将阿拉山口的减肥啦就是打开 ')]
2019-02-25 20:56:01 [error] --> SQL Error - Unknown column '0' in 'field list' [INSERT INTO vd_file_url (`0`, `1`, `2`, `3`) VALUES (' 史蒂夫阿斯顿发阿斯顿发阿斯顿发短发阿斯顿发', ' 收费的阿斯顿发阿斯顿发阿斯顿发', '发卡量手机丢了卡就到了看见啊老司机啊摔', '将卡利久里将阿拉山口的减肥啦就是打开 ')]
2019-02-25 20:56:01 [error] --> SQL Error - Unknown column '0' in 'field list' [INSERT INTO vd_file_url (`0`, `1`, `2`, `3`) VALUES (' 史蒂夫阿斯顿发阿斯顿发阿斯顿发短发阿斯顿发', ' 收费的阿斯顿发阿斯顿发阿斯顿发', '发卡量手机丢了卡就到了看见啊老司机啊摔', '将卡利久里将阿拉山口的减肥啦就是打开 ')]
2019-02-25 20:56:29 [error] --> SQL Error - Unknown column '0' in 'field list' [INSERT INTO vd_file_url (`0`, `1`, `2`, `3`) VALUES (' 史蒂夫阿斯顿发阿斯顿发阿斯顿发短发阿斯顿发', ' 收费的阿斯顿发阿斯顿发阿斯顿发', '发卡量手机丢了卡就到了看见啊老司机啊摔', '将卡利久里将阿拉山口的减肥啦就是打开 ')]
2019-02-25 20:56:29 [error] --> SQL Error - Unknown column '0' in 'field list' [INSERT INTO vd_file_url (`0`, `1`, `2`, `3`) VALUES (' 史蒂夫阿斯顿发阿斯顿发阿斯顿发短发阿斯顿发', ' 收费的阿斯顿发阿斯顿发阿斯顿发', '发卡量手机丢了卡就到了看见啊老司机啊摔', '将卡利久里将阿拉山口的减肥啦就是打开 ')]
2019-02-25 20:56:29 [error] --> SQL Error - Unknown column '0' in 'field list' [INSERT INTO vd_file_url (`0`, `1`, `2`, `3`) VALUES (' 史蒂夫阿斯顿发阿斯顿发阿斯顿发短发阿斯顿发', ' 收费的阿斯顿发阿斯顿发阿斯顿发', '发卡量手机丢了卡就到了看见啊老司机啊摔', '将卡利久里将阿拉山口的减肥啦就是打开 ')]
2019-02-25 20:56:30 [error] --> SQL Error - Unknown column '0' in 'field list' [INSERT INTO vd_file_url (`0`, `1`, `2`, `3`) VALUES (' 史蒂夫阿斯顿发阿斯顿发阿斯顿发短发阿斯顿发', ' 收费的阿斯顿发阿斯顿发阿斯顿发', '发卡量手机丢了卡就到了看见啊老司机啊摔', '将卡利久里将阿拉山口的减肥啦就是打开 ')]
2019-02-25 20:56:30 [error] --> SQL Error - Unknown column '0' in 'field list' [INSERT INTO vd_file_url (`0`, `1`, `2`, `3`) VALUES (' 史蒂夫阿斯顿发阿斯顿发阿斯顿发短发阿斯顿发', ' 收费的阿斯顿发阿斯顿发阿斯顿发', '发卡量手机丢了卡就到了看见啊老司机啊摔', '将卡利久里将阿拉山口的减肥啦就是打开 ')]
2019-02-25 20:56:30 [error] --> SQL Error - Unknown column '0' in 'field list' [INSERT INTO vd_file_url (`0`, `1`, `2`, `3`) VALUES (' 史蒂夫阿斯顿发阿斯顿发阿斯顿发短发阿斯顿发', ' 收费的阿斯顿发阿斯顿发阿斯顿发', '发卡量手机丢了卡就到了看见啊老司机啊摔', '将卡利久里将阿拉山口的减肥啦就是打开 ')]
2019-02-25 20:56:30 [error] --> SQL Error - Unknown column '0' in 'field list' [INSERT INTO vd_file_url (`0`, `1`, `2`, `3`) VALUES (' 史蒂夫阿斯顿发阿斯顿发阿斯顿发短发阿斯顿发', ' 收费的阿斯顿发阿斯顿发阿斯顿发', '发卡量手机丢了卡就到了看见啊老司机啊摔', '将卡利久里将阿拉山口的减肥啦就是打开 ')]
2019-02-25 20:56:30 [error] --> SQL Error - Unknown column '0' in 'field list' [INSERT INTO vd_file_url (`0`, `1`, `2`, `3`) VALUES (' 史蒂夫阿斯顿发阿斯顿发阿斯顿发短发阿斯顿发', ' 收费的阿斯顿发阿斯顿发阿斯顿发', '发卡量手机丢了卡就到了看见啊老司机啊摔', '将卡利久里将阿拉山口的减肥啦就是打开 ')]
2019-02-25 21:00:59 [error] --> SQL Error - Unknown column 'vd_file.file_id' in 'where clause' [DELETE FROM vd_file_url WHERE `vd_file`.`file_id` = '2']
2019-02-25 21:01:41 [error] --> SQL Error - Unknown column '0' in 'field list' [INSERT INTO vd_file_url (`0`, `1`, `2`, `3`) VALUES (' 史蒂夫阿斯顿发阿斯顿发阿斯顿发短发阿斯顿发', ' 收费的阿斯顿发阿斯顿发阿斯顿发', '发卡量手机丢了卡就到了看见啊老司机啊摔', '将卡利久里将阿拉山口的减肥啦就是打开 ')]
2019-02-25 21:01:42 [error] --> SQL Error - Unknown column '0' in 'field list' [INSERT INTO vd_file_url (`0`, `1`, `2`, `3`) VALUES (' 史蒂夫阿斯顿发阿斯顿发阿斯顿发短发阿斯顿发', ' 收费的阿斯顿发阿斯顿发阿斯顿发', '发卡量手机丢了卡就到了看见啊老司机啊摔', '将卡利久里将阿拉山口的减肥啦就是打开 ')]
2019-02-25 21:02:03 [error] --> SQL Error - Unknown column '0' in 'field list' [INSERT INTO vd_file_url (`0`, `1`, `2`, `3`) VALUES (' 史蒂夫阿斯顿发阿斯顿发阿斯顿发短发阿斯顿发', ' 收费的阿斯顿发阿斯顿发阿斯顿发', '发卡量手机丢了卡就到了看见啊老司机啊摔', '将卡利久里将阿拉山口的减肥啦就是打开 ')]
2019-02-25 21:02:23 [error] --> SQL Error - Unknown column '0' in 'field list' [INSERT INTO vd_file_url (`0`, `1`, `2`, `3`) VALUES (' 史蒂夫阿斯顿发阿斯顿发阿斯顿发短发阿斯顿发', ' 收费的阿斯顿发阿斯顿发阿斯顿发', '发卡量手机丢了卡就到了看见啊老司机啊摔', '将卡利久里将阿拉山口的减肥啦就是打开 ')]
2019-02-25 21:02:36 [error] --> SQL Error - Unknown column '0' in 'field list' [INSERT INTO vd_file_url (`0`, `1`, `2`, `3`) VALUES (' 史蒂夫阿斯顿发阿斯顿发阿斯顿发短发阿斯顿发', ' 收费的阿斯顿发阿斯顿发阿斯顿发', '发卡量手机丢了卡就到了看见啊老司机啊摔', '将卡利久里将阿拉山口的减肥啦就是打开 ')]
2019-02-25 21:02:42 [error] --> SQL Error - Unknown column '0' in 'field list' [INSERT INTO vd_file_url (`0`, `1`, `2`, `3`) VALUES (' 史蒂夫阿斯顿发阿斯顿发阿斯顿发短发阿斯顿发', ' 收费的阿斯顿发阿斯顿发阿斯顿发', '发卡量手机丢了卡就到了看见啊老司机啊摔', '将卡利久里将阿拉山口的减肥啦就是打开 ')]
2019-02-25 21:02:43 [error] --> SQL Error - Unknown column '0' in 'field list' [INSERT INTO vd_file_url (`0`, `1`, `2`, `3`) VALUES (' 史蒂夫阿斯顿发阿斯顿发阿斯顿发短发阿斯顿发', ' 收费的阿斯顿发阿斯顿发阿斯顿发', '发卡量手机丢了卡就到了看见啊老司机啊摔', '将卡利久里将阿拉山口的减肥啦就是打开 ')]
2019-02-25 21:02:43 [error] --> SQL Error - Unknown column '0' in 'field list' [INSERT INTO vd_file_url (`0`, `1`, `2`, `3`) VALUES (' 史蒂夫阿斯顿发阿斯顿发阿斯顿发短发阿斯顿发', ' 收费的阿斯顿发阿斯顿发阿斯顿发', '发卡量手机丢了卡就到了看见啊老司机啊摔', '将卡利久里将阿拉山口的减肥啦就是打开 ')]
2019-02-25 21:02:43 [error] --> SQL Error - Unknown column '0' in 'field list' [INSERT INTO vd_file_url (`0`, `1`, `2`, `3`) VALUES (' 史蒂夫阿斯顿发阿斯顿发阿斯顿发短发阿斯顿发', ' 收费的阿斯顿发阿斯顿发阿斯顿发', '发卡量手机丢了卡就到了看见啊老司机啊摔', '将卡利久里将阿拉山口的减肥啦就是打开 ')]
2019-02-25 21:02:43 [error] --> SQL Error - Unknown column '0' in 'field list' [INSERT INTO vd_file_url (`0`, `1`, `2`, `3`) VALUES (' 史蒂夫阿斯顿发阿斯顿发阿斯顿发短发阿斯顿发', ' 收费的阿斯顿发阿斯顿发阿斯顿发', '发卡量手机丢了卡就到了看见啊老司机啊摔', '将卡利久里将阿拉山口的减肥啦就是打开 ')]
2019-02-25 21:02:43 [error] --> SQL Error - Unknown column '0' in 'field list' [INSERT INTO vd_file_url (`0`, `1`, `2`, `3`) VALUES (' 史蒂夫阿斯顿发阿斯顿发阿斯顿发短发阿斯顿发', ' 收费的阿斯顿发阿斯顿发阿斯顿发', '发卡量手机丢了卡就到了看见啊老司机啊摔', '将卡利久里将阿拉山口的减肥啦就是打开 ')]
2019-02-25 21:02:54 [error] --> SQL Error - Unknown column '0' in 'field list' [INSERT INTO vd_file_url (`0`, `1`, `2`, `3`) VALUES (' 史蒂夫阿斯顿发阿斯顿发阿斯顿发短发阿斯顿发', ' 收费的阿斯顿发阿斯顿发阿斯顿发', '发卡量手机丢了卡就到了看见啊老司机啊摔', '将卡利久里将阿拉山口的减肥啦就是打开 ')]
2019-02-25 21:02:54 [error] --> SQL Error - Unknown column '0' in 'field list' [INSERT INTO vd_file_url (`0`, `1`, `2`, `3`) VALUES (' 史蒂夫阿斯顿发阿斯顿发阿斯顿发短发阿斯顿发', ' 收费的阿斯顿发阿斯顿发阿斯顿发', '发卡量手机丢了卡就到了看见啊老司机啊摔', '将卡利久里将阿拉山口的减肥啦就是打开 ')]
2019-02-25 21:02:54 [error] --> SQL Error - Unknown column '0' in 'field list' [INSERT INTO vd_file_url (`0`, `1`, `2`, `3`) VALUES (' 史蒂夫阿斯顿发阿斯顿发阿斯顿发短发阿斯顿发', ' 收费的阿斯顿发阿斯顿发阿斯顿发', '发卡量手机丢了卡就到了看见啊老司机啊摔', '将卡利久里将阿拉山口的减肥啦就是打开 ')]
2019-02-25 21:02:54 [error] --> SQL Error - Unknown column '0' in 'field list' [INSERT INTO vd_file_url (`0`, `1`, `2`, `3`) VALUES (' 史蒂夫阿斯顿发阿斯顿发阿斯顿发短发阿斯顿发', ' 收费的阿斯顿发阿斯顿发阿斯顿发', '发卡量手机丢了卡就到了看见啊老司机啊摔', '将卡利久里将阿拉山口的减肥啦就是打开 ')]
2019-02-25 21:03:00 [error] --> SQL Error - Unknown column '0' in 'field list' [INSERT INTO vd_file_url (`0`, `1`, `2`, `3`) VALUES (' 史蒂夫阿斯顿发阿斯顿发阿斯顿发短发阿斯顿发', ' 收费的阿斯顿发阿斯顿发阿斯顿发', '发卡量手机丢了卡就到了看见啊老司机啊摔', '将卡利久里将阿拉山口的减肥啦就是打开 ')]
2019-02-25 21:03:23 [error] --> SQL Error - Unknown column 'vd_file_url.id' in 'order clause' [DELETE FROM vd_file_labe WHERE `file_id` = '2' ORDER BY `vd_file_url`.`id` DESC]
2019-02-25 21:03:46 [error] --> SQL Error - Unknown column '0' in 'field list' [INSERT INTO vd_file_url (`0`, `1`, `2`, `3`) VALUES (' 史蒂夫阿斯顿发阿斯顿发阿斯顿发短发阿斯顿发', ' 收费的阿斯顿发阿斯顿发阿斯顿发', '发卡量手机丢了卡就到了看见啊老司机啊摔', '将卡利久里将阿拉山口的减肥啦就是打开 ')]
2019-02-25 21:03:47 [error] --> SQL Error - Unknown column '0' in 'field list' [INSERT INTO vd_file_url (`0`, `1`, `2`, `3`) VALUES (' 史蒂夫阿斯顿发阿斯顿发阿斯顿发短发阿斯顿发', ' 收费的阿斯顿发阿斯顿发阿斯顿发', '发卡量手机丢了卡就到了看见啊老司机啊摔', '将卡利久里将阿拉山口的减肥啦就是打开 ')]
2019-02-25 21:03:47 [error] --> SQL Error - Unknown column '0' in 'field list' [INSERT INTO vd_file_url (`0`, `1`, `2`, `3`) VALUES (' 史蒂夫阿斯顿发阿斯顿发阿斯顿发短发阿斯顿发', ' 收费的阿斯顿发阿斯顿发阿斯顿发', '发卡量手机丢了卡就到了看见啊老司机啊摔', '将卡利久里将阿拉山口的减肥啦就是打开 ')]
2019-02-25 21:03:47 [error] --> SQL Error - Unknown column '0' in 'field list' [INSERT INTO vd_file_url (`0`, `1`, `2`, `3`) VALUES (' 史蒂夫阿斯顿发阿斯顿发阿斯顿发短发阿斯顿发', ' 收费的阿斯顿发阿斯顿发阿斯顿发', '发卡量手机丢了卡就到了看见啊老司机啊摔', '将卡利久里将阿拉山口的减肥啦就是打开 ')]
2019-02-25 21:03:47 [error] --> SQL Error - Unknown column '0' in 'field list' [INSERT INTO vd_file_url (`0`, `1`, `2`, `3`) VALUES (' 史蒂夫阿斯顿发阿斯顿发阿斯顿发短发阿斯顿发', ' 收费的阿斯顿发阿斯顿发阿斯顿发', '发卡量手机丢了卡就到了看见啊老司机啊摔', '将卡利久里将阿拉山口的减肥啦就是打开 ')]
2019-02-25 21:03:53 [error] --> SQL Error - Unknown column '0' in 'field list' [INSERT INTO vd_file_url (`0`, `1`, `2`, `3`) VALUES (' 史蒂夫阿斯顿发阿斯顿发阿斯顿发短发阿斯顿发', ' 收费的阿斯顿发阿斯顿发阿斯顿发', '发卡量手机丢了卡就到了看见啊老司机啊摔', '将卡利久里将阿拉山口的减肥啦就是打开 ')]
2019-02-25 21:03:59 [error] --> SQL Error - Unknown column '0' in 'field list' [INSERT INTO vd_file_url (`0`, `1`, `2`, `3`) VALUES (' 史蒂夫阿斯顿发阿斯顿发阿斯顿发短发阿斯顿发', ' 收费的阿斯顿发阿斯顿发阿斯顿发', '发卡量手机丢了卡就到了看见啊老司机啊摔', '将卡利久里将阿拉山口的减肥啦就是打开 ')]
2019-02-25 21:05:27 [error] --> SQL Error - Unknown column '0' in 'field list' [INSERT INTO vd_file_url (`0`, `1`, `2`, `3`) VALUES (' 史蒂夫阿斯顿发阿斯顿发阿斯顿发短发阿斯顿发', ' 收费的阿斯顿发阿斯顿发阿斯顿发', '发卡量手机丢了卡就到了看见啊老司机啊摔', '将卡利久里将阿拉山口的减肥啦就是打开 ')]
2019-02-25 21:06:27 [error] --> SQL Error - Unknown column '0' in 'field list' [INSERT INTO vd_file_url (`0`, `1`, `2`, `3`) VALUES (' 史蒂夫阿斯顿发阿斯顿发阿斯顿发短发阿斯顿发', ' 收费的阿斯顿发阿斯顿发阿斯顿发', '发卡量手机丢了卡就到了看见啊老司机啊摔', '将卡利久里将阿拉山口的减肥啦就是打开 ')]
2019-02-25 21:06:28 [error] --> SQL Error - Unknown column '0' in 'field list' [INSERT INTO vd_file_url (`0`, `1`, `2`, `3`) VALUES (' 史蒂夫阿斯顿发阿斯顿发阿斯顿发短发阿斯顿发', ' 收费的阿斯顿发阿斯顿发阿斯顿发', '发卡量手机丢了卡就到了看见啊老司机啊摔', '将卡利久里将阿拉山口的减肥啦就是打开 ')]
2019-02-25 21:06:28 [error] --> SQL Error - Unknown column '0' in 'field list' [INSERT INTO vd_file_url (`0`, `1`, `2`, `3`) VALUES (' 史蒂夫阿斯顿发阿斯顿发阿斯顿发短发阿斯顿发', ' 收费的阿斯顿发阿斯顿发阿斯顿发', '发卡量手机丢了卡就到了看见啊老司机啊摔', '将卡利久里将阿拉山口的减肥啦就是打开 ')]
2019-02-25 21:06:28 [error] --> SQL Error - Unknown column '0' in 'field list' [INSERT INTO vd_file_url (`0`, `1`, `2`, `3`) VALUES (' 史蒂夫阿斯顿发阿斯顿发阿斯顿发短发阿斯顿发', ' 收费的阿斯顿发阿斯顿发阿斯顿发', '发卡量手机丢了卡就到了看见啊老司机啊摔', '将卡利久里将阿拉山口的减肥啦就是打开 ')]
2019-02-25 21:06:29 [error] --> SQL Error - Unknown column '0' in 'field list' [INSERT INTO vd_file_url (`0`, `1`, `2`, `3`) VALUES (' 史蒂夫阿斯顿发阿斯顿发阿斯顿发短发阿斯顿发', ' 收费的阿斯顿发阿斯顿发阿斯顿发', '发卡量手机丢了卡就到了看见啊老司机啊摔', '将卡利久里将阿拉山口的减肥啦就是打开 ')]
2019-02-25 21:06:29 [error] --> SQL Error - Unknown column '0' in 'field list' [INSERT INTO vd_file_url (`0`, `1`, `2`, `3`) VALUES (' 史蒂夫阿斯顿发阿斯顿发阿斯顿发短发阿斯顿发', ' 收费的阿斯顿发阿斯顿发阿斯顿发', '发卡量手机丢了卡就到了看见啊老司机啊摔', '将卡利久里将阿拉山口的减肥啦就是打开 ')]
2019-02-25 21:06:29 [error] --> SQL Error - Unknown column '0' in 'field list' [INSERT INTO vd_file_url (`0`, `1`, `2`, `3`) VALUES (' 史蒂夫阿斯顿发阿斯顿发阿斯顿发短发阿斯顿发', ' 收费的阿斯顿发阿斯顿发阿斯顿发', '发卡量手机丢了卡就到了看见啊老司机啊摔', '将卡利久里将阿拉山口的减肥啦就是打开 ')]
2019-02-25 21:07:30 [error] --> SQL Error - Unknown column '0' in 'field list' [INSERT INTO vd_file_url (`0`, `1`, `2`, `3`) VALUES (' 史蒂夫阿斯顿发阿斯顿发阿斯顿发短发阿斯顿发', ' 收费的阿斯顿发阿斯顿发阿斯顿发', '发卡量手机丢了卡就到了看见啊老司机啊摔', '将卡利久里将阿拉山口的减肥啦就是打开 ')]
2019-02-25 21:08:36 [error] --> SQL Error - Unknown column '0' in 'field list' [INSERT INTO vd_file_url (`0`, `1`, `2`, `3`) VALUES (' 史蒂夫阿斯顿发阿斯顿发阿斯顿发短发阿斯顿发', ' 收费的阿斯顿发阿斯顿发阿斯顿发', '发卡量手机丢了卡就到了看见啊老司机啊摔', '将卡利久里将阿拉山口的减肥啦就是打开 ')]
2019-02-25 21:11:14 [error] --> SQL Error - Unknown column '0' in 'field list' [INSERT INTO vd_file_url (`0`, `1`, `2`, `3`) VALUES (' 史蒂夫阿斯顿发阿斯顿发阿斯顿发短发阿斯顿发', ' 收费的阿斯顿发阿斯顿发阿斯顿发', '发卡量手机丢了卡就到了看见啊老司机啊摔', '将卡利久里将阿拉山口的减肥啦就是打开 ')]
2019-02-25 21:11:25 [error] --> SQL Error - Unknown column '0' in 'field list' [INSERT INTO vd_file_url (`0`, `1`, `2`, `3`) VALUES (' 史蒂夫阿斯顿发阿斯顿发阿斯顿发短发阿斯顿发', ' 收费的阿斯顿发阿斯顿发阿斯顿发', '发卡量手机丢了卡就到了看见啊老司机啊摔', '将卡利久里将阿拉山口的减肥啦就是打开 ')]
2019-02-25 21:11:43 [error] --> SQL Error - Unknown column '0' in 'field list' [INSERT INTO vd_file_url (`0`, `1`, `2`, `3`) VALUES (' 史蒂夫阿斯顿发阿斯顿发阿斯顿发短发阿斯顿发', ' 收费的阿斯顿发阿斯顿发阿斯顿发', '发卡量手机丢了卡就到了看见啊老司机啊摔', '将卡利久里将阿拉山口的减肥啦就是打开 ')]
2019-02-25 21:12:51 [error] --> SQL Error - Unknown column '0' in 'field list' [INSERT INTO vd_file_labe (`0`, `1`, `2`) VALUES ('5', '3', '2')]
2019-02-25 21:13:21 [error] --> SQL Error - Unknown column 'url' in 'field list' [INSERT INTO vd_file_labe (`file_id`, `url`) VALUES ('2', '5'), ('2', '3'), ('2', '2')]
2019-02-25 21:14:33 [error] --> SQL Error - Lock wait timeout exceeded; try restarting transaction [UPDATE vd_file SET `file_id` = '2', `title` = '黄瓜村TG机器人', `car_num` = '接口连接看见啊很健康', `score` = '5', `browse_num` = '11', `praise` = '11', `cate_id` = '2', `type` = '1', `inter` = '&lt;p&gt;&amp;nbsp;阿斯顿发阿斯顿发阿斯顿发阿斯顿发阿斯顿发阿斯顿发阿斯顿发阿斯顿发阿斯顿发大法第三发史蒂夫阿斯顿发aside&amp;nbsp;&amp;nbsp;&lt;/p&gt;', `update_time` = '1551100422', `update_user` = '1' WHERE `file_id` = '2' ORDER BY `vd_file`.`file_id` DESC]
2019-02-25 21:15:49 [error] --> SQL Error - Lock wait timeout exceeded; try restarting transaction [UPDATE vd_file SET `file_id` = '2', `title` = '黄瓜村TG机器人', `car_num` = '接口连接看见啊很健康', `score` = '5', `browse_num` = '11', `praise` = '11', `cate_id` = '2', `type` = '1', `inter` = '&lt;p&gt;&amp;nbsp;阿斯顿发阿斯顿发阿斯顿发阿斯顿发阿斯顿发阿斯顿发阿斯顿发阿斯顿发阿斯顿发大法第三发史蒂夫阿斯顿发aside&amp;nbsp;&amp;nbsp;&lt;/p&gt;', `update_time` = '1551100498', `update_user` = '1' WHERE `file_id` = '2' ORDER BY `vd_file`.`file_id` DESC]
2019-02-25 21:17:18 [error] --> SQL Error - Lock wait timeout exceeded; try restarting transaction [UPDATE vd_file SET `file_id` = '2', `title` = '黄瓜村TG机器人', `car_num` = '接口连接看见啊很健康', `score` = '5', `browse_num` = '11', `praise` = '11', `cate_id` = '2', `type` = '1', `inter` = '&lt;p&gt;&amp;nbsp;阿斯顿发阿斯顿发阿斯顿发阿斯顿发阿斯顿发阿斯顿发阿斯顿发阿斯顿发阿斯顿发大法第三发史蒂夫阿斯顿发aside&amp;nbsp;&amp;nbsp;&lt;/p&gt;', `update_time` = '1551100587', `update_user` = '1' WHERE `file_id` = '2' ORDER BY `vd_file`.`file_id` DESC]
2019-02-25 21:18:15 [error] --> SQL Error - Lock wait timeout exceeded; try restarting transaction [UPDATE vd_file SET `file_id` = '2', `title` = '黄瓜村TG机器人', `car_num` = '接口连接看见啊很健康', `score` = '5', `browse_num` = '11', `praise` = '11', `cate_id` = '2', `type` = '1', `inter` = '&lt;p&gt;&amp;nbsp;阿斯顿发阿斯顿发阿斯顿发阿斯顿发阿斯顿发阿斯顿发阿斯顿发阿斯顿发阿斯顿发大法第三发史蒂夫阿斯顿发aside&amp;nbsp;&amp;nbsp;&lt;/p&gt;', `update_time` = '1551100643', `update_user` = '1' WHERE `file_id` = '2' ORDER BY `vd_file`.`file_id` DESC]
2019-02-25 21:18:15 [error] --> SQL Error - Lock wait timeout exceeded; try restarting transaction [UPDATE vd_file SET `file_id` = '2', `title` = '黄瓜村TG机器人', `car_num` = '接口连接看见啊很健康', `score` = '5', `browse_num` = '11', `praise` = '11', `cate_id` = '2', `type` = '1', `inter` = '&lt;p&gt;&amp;nbsp;阿斯顿发阿斯顿发阿斯顿发阿斯顿发阿斯顿发阿斯顿发阿斯顿发阿斯顿发阿斯顿发大法第三发史蒂夫阿斯顿发aside&amp;nbsp;&amp;nbsp;&lt;/p&gt;', `update_time` = '1551100643', `update_user` = '1' WHERE `file_id` = '2' ORDER BY `vd_file`.`file_id` DESC]
2019-02-25 21:18:15 [error] --> SQL Error - Lock wait timeout exceeded; try restarting transaction [UPDATE vd_file SET `file_id` = '2', `title` = '黄瓜村TG机器人', `car_num` = '接口连接看见啊很健康', `score` = '5', `browse_num` = '11', `praise` = '11', `cate_id` = '2', `type` = '1', `inter` = '&lt;p&gt;&amp;nbsp;阿斯顿发阿斯顿发阿斯顿发阿斯顿发阿斯顿发阿斯顿发阿斯顿发阿斯顿发阿斯顿发大法第三发史蒂夫阿斯顿发aside&amp;nbsp;&amp;nbsp;&lt;/p&gt;', `update_time` = '1551100644', `update_user` = '1' WHERE `file_id` = '2' ORDER BY `vd_file`.`file_id` DESC]
2019-02-25 21:18:16 [error] --> SQL Error - Lock wait timeout exceeded; try restarting transaction [UPDATE vd_file SET `file_id` = '2', `title` = '黄瓜村TG机器人', `car_num` = '接口连接看见啊很健康', `score` = '5', `browse_num` = '11', `praise` = '11', `cate_id` = '2', `type` = '1', `inter` = '&lt;p&gt;&amp;nbsp;阿斯顿发阿斯顿发阿斯顿发阿斯顿发阿斯顿发阿斯顿发阿斯顿发阿斯顿发阿斯顿发大法第三发史蒂夫阿斯顿发aside&amp;nbsp;&amp;nbsp;&lt;/p&gt;', `update_time` = '1551100645', `update_user` = '1' WHERE `file_id` = '2' ORDER BY `vd_file`.`file_id` DESC]
2019-02-25 21:19:57 [error] --> SQL Error - Lock wait timeout exceeded; try restarting transaction [UPDATE vd_file SET `file_id` = '2', `title` = '黄瓜村TG机器人', `car_num` = '接口连接看见啊很健康', `score` = '5', `browse_num` = '11', `praise` = '11', `cate_id` = '2', `type` = '1', `inter` = '&lt;p&gt;&amp;nbsp;阿斯顿发阿斯顿发阿斯顿发阿斯顿发阿斯顿发阿斯顿发阿斯顿发阿斯顿发阿斯顿发大法第三发史蒂夫阿斯顿发aside&amp;nbsp;&amp;nbsp;&lt;/p&gt;', `update_time` = '1551100746', `update_user` = '1' WHERE `file_id` = '2' ORDER BY `vd_file`.`file_id` DESC]
2019-02-25 21:20:24 [error] --> SQL Error - Lock wait timeout exceeded; try restarting transaction [UPDATE vd_file SET `file_id` = '2', `title` = '黄瓜村TG机器人', `car_num` = '接口连接看见啊很健康', `score` = '5', `browse_num` = '11', `praise` = '11', `cate_id` = '2', `type` = '3', `inter` = '&lt;p&gt;&amp;nbsp;阿斯顿发阿斯顿发阿斯顿发阿斯顿发阿斯顿发阿斯顿发阿斯顿发阿斯顿发阿斯顿发大法第三发史蒂夫阿斯顿发aside&amp;nbsp;&amp;nbsp;&lt;/p&gt;', `update_time` = '1551100773', `update_user` = '1' WHERE `file_id` = '2' ORDER BY `vd_file`.`file_id` DESC]
2019-02-25 21:24:12 [error] --> SQL Error - Lock wait timeout exceeded; try restarting transaction [UPDATE vd_file SET `file_id` = '2', `title` = '黄瓜村TG机器人', `car_num` = '接口连接看见啊很健康', `score` = '5', `browse_num` = '11', `praise` = '11', `cate_id` = '2', `type` = '1', `inter` = '&lt;p&gt;&amp;nbsp;阿斯顿发阿斯顿发阿斯顿发阿斯顿发阿斯顿发阿斯顿发阿斯顿发阿斯顿发阿斯顿发大法第三发史蒂夫阿斯顿发aside&amp;nbsp;&amp;nbsp;&lt;/p&gt;', `update_time` = '1551101001', `update_user` = '1' WHERE `file_id` = '2' ORDER BY `vd_file`.`file_id` DESC]
2019-02-25 21:26:05 [error] --> SQL Error - Lock wait timeout exceeded; try restarting transaction [UPDATE vd_file SET `file_id` = '2', `title` = '黄瓜村TG机器人', `car_num` = '接口连接看见啊很健康', `score` = '5', `browse_num` = '11', `praise` = '11', `cate_id` = '2', `type` = '1', `inter` = '&lt;p&gt;&amp;nbsp;阿斯顿发阿斯顿发阿斯顿发阿斯顿发阿斯顿发阿斯顿发阿斯顿发阿斯顿发阿斯顿发大法第三发史蒂夫阿斯顿发aside&amp;nbsp;&amp;nbsp;&lt;/p&gt;', `update_time` = '1551101114', `update_user` = '1' WHERE `file_id` = '2' ORDER BY `vd_file`.`file_id` DESC]
2019-02-25 21:26:38 [error] --> SQL Error - Server shutdown in progress [DELETE FROM vd_file_labe WHERE `file_id` = '2']
2019-02-25 21:26:38 [error] --> SQL Error - Server shutdown in progress [UPDATE vd_file SET `file_id` = '2', `title` = '黄瓜村TG机器人', `car_num` = '接口连接看见啊很健康', `score` = '5', `browse_num` = '11', `praise` = '11', `cate_id` = '2', `type` = '1', `inter` = '&lt;p&gt;&amp;nbsp;阿斯顿发阿斯顿发阿斯顿发阿斯顿发阿斯顿发阿斯顿发阿斯顿发阿斯顿发阿斯顿发大法第三发史蒂夫阿斯顿发aside&amp;nbsp;&amp;nbsp;&lt;/p&gt;', `update_time` = '1551101184', `update_user` = '1' WHERE `file_id` = '2' ORDER BY `vd_file`.`file_id` DESC]
2019-02-25 21:26:38 [error] --> SQL Error - Server shutdown in progress [UPDATE vd_file SET `file_id` = '2', `title` = '黄瓜村TG机器人', `car_num` = '接口连接看见啊很健康', `score` = '5', `browse_num` = '11', `praise` = '11', `cate_id` = '2', `type` = '1', `inter` = '&lt;p&gt;&amp;nbsp;阿斯顿发阿斯顿发阿斯顿发阿斯顿发阿斯顿发阿斯顿发阿斯顿发阿斯顿发阿斯顿发大法第三发史蒂夫阿斯顿发aside&amp;nbsp;&amp;nbsp;&lt;/p&gt;', `update_time` = '1551101185', `update_user` = '1' WHERE `file_id` = '2' ORDER BY `vd_file`.`file_id` DESC]
2019-02-25 21:26:38 [error] --> SQL Error - Server shutdown in progress [UPDATE vd_file SET `file_id` = '2', `title` = '黄瓜村TG机器人', `car_num` = '接口连接看见啊很健康', `score` = '5', `browse_num` = '11', `praise` = '11', `cate_id` = '2', `type` = '1', `inter` = '&lt;p&gt;&amp;nbsp;阿斯顿发阿斯顿发阿斯顿发阿斯顿发阿斯顿发阿斯顿发阿斯顿发阿斯顿发阿斯顿发大法第三发史蒂夫阿斯顿发aside&amp;nbsp;&amp;nbsp;&lt;/p&gt;', `update_time` = '1551101185', `update_user` = '1' WHERE `file_id` = '2' ORDER BY `vd_file`.`file_id` DESC]
2019-02-25 21:26:38 [error] --> SQL Error - Server shutdown in progress [UPDATE vd_file SET `file_id` = '2', `title` = '黄瓜村TG机器人', `car_num` = '接口连接看见啊很健康', `score` = '5', `browse_num` = '11', `praise` = '11', `cate_id` = '2', `type` = '1', `inter` = '&lt;p&gt;&amp;nbsp;阿斯顿发阿斯顿发阿斯顿发阿斯顿发阿斯顿发阿斯顿发阿斯顿发阿斯顿发阿斯顿发大法第三发史蒂夫阿斯顿发aside&amp;nbsp;&amp;nbsp;&lt;/p&gt;', `update_time` = '1551101186', `update_user` = '1' WHERE `file_id` = '2' ORDER BY `vd_file`.`file_id` DESC]
2019-02-25 21:30:12 [error] --> SQL Error - Unknown column 'id' in 'field list' [SELECT `id`, `name`, `email` FROM `vd_member` LIMIT 10 OFFSET 0]
2019-02-25 21:34:35 [error] --> SQL Error - Unknown column 'vd_member.delete_user' in 'field list' [SELECT `vd_member`.`member_id`, `vd_member`.`usename`, `vd_member`.`nickname`, `vd_member`.`password`, `vd_member`.`balance`, `vd_member`.`create_user`, `vd_member`.`create_time`, `vd_member`.`update_user`, `vd_member`.`update_time`, `vd_member`.`delete_user`, `vd_member`.`delete_time` FROM `vd_member` ORDER BY `vd_member`.`member_id` DESC LIMIT 10 OFFSET 0]
2019-02-25 21:34:41 [error] --> SQL Error - Unknown column 'vd_member.delete_user' in 'field list' [SELECT `vd_member`.`member_id`, `vd_member`.`usename`, `vd_member`.`nickname`, `vd_member`.`password`, `vd_member`.`balance`, `vd_member`.`create_user`, `vd_member`.`create_time`, `vd_member`.`update_user`, `vd_member`.`update_time`, `vd_member`.`delete_user`, `vd_member`.`delete_time` FROM `vd_member` ORDER BY `vd_member`.`member_id` DESC LIMIT 10 OFFSET 0]
2019-02-26 11:50:29 [error] --> SQL Error - Unknown column 'username' in 'field list' [INSERT INTO vd_file (`member_id`, `username`, `password`, `nickname`, `email`, `create_time`, `create_user`, `update_time`, `update_user`) VALUES ('0', '接口设计', 'Admin888', '将辣椒款', '', '1551153029', '1', '0', '0')]
2019-02-26 11:50:57 [error] --> SQL Error - Unknown column 'username' in 'field list' [INSERT INTO vd_file (`member_id`, `username`, `password`, `nickname`, `email`, `create_time`, `create_user`, `update_time`, `update_user`) VALUES ('0', '接口设计', 'Admin888', '将辣椒款', '', '1551153057', '1', '0', '0')]
2019-02-26 11:50:59 [error] --> SQL Error - Unknown column 'username' in 'field list' [INSERT INTO vd_file (`member_id`, `username`, `password`, `nickname`, `email`, `create_time`, `create_user`, `update_time`, `update_user`) VALUES ('0', '接口设计', 'Admin888', '将辣椒款', '', '1551153059', '1', '0', '0')]
2019-02-26 11:50:59 [error] --> SQL Error - Unknown column 'username' in 'field list' [INSERT INTO vd_file (`member_id`, `username`, `password`, `nickname`, `email`, `create_time`, `create_user`, `update_time`, `update_user`) VALUES ('0', '接口设计', 'Admin888', '将辣椒款', '', '1551153059', '1', '0', '0')]
2019-02-26 11:56:40 [error] --> SQL Error - Unknown column 'username' in 'field list' [INSERT INTO vd_file (`member_id`, `username`, `password`, `nickname`, `email`, `create_time`, `create_user`, `update_time`, `update_user`) VALUES ('0', '接口设计', 'Admin888', '将辣椒款', '', '1551153400', '1', '0', '0')]
2019-02-26 11:56:41 [error] --> SQL Error - Unknown column 'username' in 'field list' [INSERT INTO vd_file (`member_id`, `username`, `password`, `nickname`, `email`, `create_time`, `create_user`, `update_time`, `update_user`) VALUES ('0', '接口设计', 'Admin888', '将辣椒款', '', '1551153401', '1', '0', '0')]
2019-02-26 11:56:42 [error] --> SQL Error - Unknown column 'username' in 'field list' [INSERT INTO vd_file (`member_id`, `username`, `password`, `nickname`, `email`, `create_time`, `create_user`, `update_time`, `update_user`) VALUES ('0', '接口设计', 'Admin888', '将辣椒款', '', '1551153402', '1', '0', '0')]
2019-02-26 11:57:39 [error] --> SQL Error - Unknown column 'file' in 'field list' [INSERT INTO vd_member (`username`, `password`, `nickname`, `email`, `file`, `create_time`, `create_user`, `update_time`, `update_user`) VALUES ('空间数据来看', 'Admin888', '第三发', '', '', '1551153459', '1', '0', '0')]
2019-02-26 21:00:59 [error] --> SQL Error - Data too long for column 'mobile' at row 1 [INSERT INTO vd_member (`username`, `mobile`, `company_name`, `create_time`, `create_user`, `update_time`, `update_user`) VALUES ('李阳', '1231231231231', '说到发送到发送到阿斯顿发阿斯顿', '1551186059', '1', '0', '0')]
2019-02-26 21:50:30 [error] --> SQL Error - Field 'go_off' doesn't have a default value [INSERT INTO vd_send_goods () VALUES ()]
2019-02-26 21:51:22 [error] --> SQL Error - Unknown column 'car_num' in 'field list' [INSERT INTO vd_send_goods (`member_id`, `car_num`, `go_off`, `goods_inter`) VALUES ('4', 'JLAKJJK', '2019-02-26 17:51:01', 'KJALASKDFLASDLKJFALSJDLFJKASDFASDFADF')]
2019-02-26 21:51:37 [error] --> SQL Error - Data truncated for column 'go_off' at row 1 [INSERT INTO vd_send_goods (`member_id`, `car_num`, `go_off`, `goods_inter`) VALUES ('4', 'JLAKJJK', '2019-02-26 17:51:01', 'KJALASKDFLASDLKJFALSJDLFJKASDFASDFADF')]
2019-02-26 21:52:37 [error] --> SQL Error - Data truncated for column 'go_off' at row 1 [INSERT INTO vd_send_goods (`member_id`, `car_num`, `go_off`, `goods_inter`) VALUES ('4', 'JLAKJJK', '2019-02-26 17:51:01', 'KJALASKDFLASDLKJFALSJDLFJKASDFASDFADF')]
2019-02-26 21:52:44 [error] --> SQL Error - Data truncated for column 'go_off' at row 1 [INSERT INTO vd_send_goods (`member_id`, `car_num`, `go_off`, `goods_inter`) VALUES ('4', 'JLAKJJK', '2019-02-26 17:51:01', 'KJALASKDFLASDLKJFALSJDLFJKASDFASDFADF')]
2019-02-26 21:52:45 [error] --> SQL Error - Data truncated for column 'go_off' at row 1 [INSERT INTO vd_send_goods (`member_id`, `car_num`, `go_off`, `goods_inter`) VALUES ('4', 'JLAKJJK', '2019-02-26 17:51:01', 'KJALASKDFLASDLKJFALSJDLFJKASDFASDFADF')]
2019-02-26 21:53:11 [error] --> SQL Error - Data truncated for column 'go_off' at row 1 [INSERT INTO vd_send_goods (`member_id`, `car_num`, `go_off`, `goods_inter`) VALUES ('4', 'JLAKJJK', '2019-02-26 17:51:01', 'KJALASKDFLASDLKJFALSJDLFJKASDFASDFADF')]
2019-02-28 18:59:39 [error] --> SQL Error - Data too long for column 'car_num' at row 1 [INSERT INTO vd_send_goods (`member_id`, `car_num`, `go_off`, `goods_inter`, `create_time`) VALUES ('7', 'jhkjhasjkdhjkfahsjkdhfjkahsdkjf', '1550746771', 'dfasdfasdfasdfasd', '1551351579')]
