2019-02-26 22:23:51 [info] --> common\model\mod_send_goods::send_sms - 发货短信通知结果: '<?xml version="1.0" encoding="utf-8"?>
<SubmitResult xmlns="http://106.ihuyi.com/">
<code>4072</code>
<msg>你提交过来的短信内容必须与报备过的模板格式相匹配</msg>
<smsid>0</smsid>
</SubmitResult>
'
2019-02-28 18:55:16 [info] --> common\model\mod_send_goods::send_sms - 发货短信通知结果: '<?xml version="1.0" encoding="utf-8"?>
<SubmitResult xmlns="http://106.ihuyi.com/">
<code>4072</code>
<msg>你提交过来的短信内容必须与报备过的模板格式相匹配</msg>
<smsid>0</smsid>
</SubmitResult>
'
2019-02-28 18:58:59 [info] --> common\model\mod_send_goods::send_sms - 发货短信通知结果: '<?xml version="1.0" encoding="utf-8"?>
<SubmitResult xmlns="http://106.ihuyi.com/">
<code>4072</code>
<msg>你提交过来的短信内容必须与报备过的模板格式相匹配</msg>
<smsid>0</smsid>
</SubmitResult>
'
2019-02-28 19:01:20 [info] --> common\model\mod_send_goods::send_sms - 发货短信通知结果: '<?xml version="1.0" encoding="utf-8"?>
<SubmitResult xmlns="http://106.ihuyi.com/">
<code>4072</code>
<msg>你提交过来的短信内容必须与报备过的模板格式相匹配</msg>
<smsid>0</smsid>
</SubmitResult>
'
2019-02-28 19:01:54 [info] --> common\model\mod_send_goods::send_sms - 发货短信通知结果: '<?xml version="1.0" encoding="utf-8"?>
<SubmitResult xmlns="http://106.ihuyi.com/">
<code>4072</code>
<msg>你提交过来的短信内容必须与报备过的模板格式相匹配</msg>
<smsid>0</smsid>
</SubmitResult>
'
2019-02-28 19:03:14 [info] --> common\model\mod_send_goods::send_sms - 发货短信通知结果: '<?xml version="1.0" encoding="utf-8"?>
<SubmitResult xmlns="http://106.ihuyi.com/">
<code>4072</code>
<msg>你提交过来的短信内容必须与报备过的模板格式相匹配</msg>
<smsid>0</smsid>
</SubmitResult>
'：短信发送信息：'account=cf_uli9&password=c4c283a827cb585e9c3d4db5c9d8a997&mobile=18502050396&content=%E5%B0%8A%E6%95%AC%E7%9A%84%E7%8E%8B%E6%98%8E%E9%98%B3%20%E5%85%88%E7%94%9F%2F%E5%A5%B3%E7%94%9F%EF%BC%8C%E6%82%A8%E7%9A%84%E8%B4%A7%E7%89%A9%E5%B7%B2%E4%BA%8E2019-02-06%2010%3A03%3A04%E8%A3%85%E8%BD%A6%E5%B9%B6%E5%87%BA%E5%8F%91%EF%BC%8C%E8%BD%A6%E7%89%8C%E5%8F%B7%E7%A0%81%E6%98%AF%EF%BC%9A%E6%94%B6%E6%8B%BE%E6%94%B6%E6%8B%BE'
2019-02-28 19:04:14 [info] --> common\model\mod_send_goods::send_sms - 发货短信通知结果: '<?xml version="1.0" encoding="utf-8"?>
<SubmitResult xmlns="http://106.ihuyi.com/">
<code>4072</code>
<msg>你提交过来的短信内容必须与报备过的模板格式相匹配</msg>
<smsid>0</smsid>
</SubmitResult>
'：短信发送信息：'尊敬的王明阳 先生/女生，您的货物已于2019-02-13 18:04:04装车并出发，车牌号码是：说到发送到发送到发a s d f'
2019-02-28 19:05:10 [info] --> common\model\mod_send_goods::send_sms - 发货短信通知结果: '<?xml version="1.0" encoding="utf-8"?>
<SubmitResult xmlns="http://106.ihuyi.com/">
<code>2</code>
<msg>提交成功</msg>
<smsid>15513519103063817087</smsid>
</SubmitResult>
'：短信发送信息：'尊敬的王明阳 先生/女生，您的货物已于2019-02-13 06:05:00装车并出发，车牌号码是：到发送到发收到,祝您生活愉快'
